<?xml version="1.0" encoding="UTF-8"?>
<!-- Generated by org.testng.reporters.JUnitXMLReporter -->
<testsuite ignored="0" hostname="LAPTOP-MQ9B4BVN" failures="3" tests="7" name="chromeTest" time="202.38" errors="0" timestamp="2024-01-11T19:29:44 IST">
  <testcase classname="test.ProductSearchTest" name="@AfterMethod addTestStatus" time="0.023">
    <failure type="java.lang.NullPointerException" message="Cannot invoke &amp;quot;com.aventstack.extentreports.ExtentTest.log(com.aventstack.extentreports.Status, String)&amp;quot; because &amp;quot;this.Test&amp;quot; is null">
      <![CDATA[java.lang.NullPointerException: Cannot invoke "com.aventstack.extentreports.ExtentTest.log(com.aventstack.extentreports.Status, String)" because "this.Test" is null
at test.ProductSearchTest.addTestStatus(ProductSearchTest.java:61)
at java.base/java.util.ArrayList.forEach(ArrayList.java:1511)
... Removed 32 stack frames]]>
    </failure>
  </testcase> <!-- @AfterMethod addTestStatus -->
  <testcase classname="test.ProductSearchTest" name="@AfterMethod addTestStatus" time="0.0">
    <skipped/>
  </testcase> <!-- @AfterMethod addTestStatus -->
  <testcase classname="test.ProductDescriptionTest" name="@AfterMethod addTestStatus" time="0.002">
    <failure type="java.lang.NullPointerException" message="Cannot invoke &amp;quot;com.aventstack.extentreports.ExtentTest.log(com.aventstack.extentreports.Status, String)&amp;quot; because &amp;quot;this.Test&amp;quot; is null">
      <![CDATA[java.lang.NullPointerException: Cannot invoke "com.aventstack.extentreports.ExtentTest.log(com.aventstack.extentreports.Status, String)" because "this.Test" is null
at test.ProductDescriptionTest.addTestStatus(ProductDescriptionTest.java:55)
at java.base/java.util.ArrayList.forEach(ArrayList.java:1511)
... Removed 32 stack frames]]>
    </failure>
  </testcase> <!-- @AfterMethod addTestStatus -->
  <testcase classname="test.ProductDescriptionTest" name="@AfterTest publishReports" time="0.0">
    <skipped/>
  </testcase> <!-- @AfterTest publishReports -->
  <testcase classname="test.ProductSearchTest" name="@AfterTest publishReports" time="0.0">
    <skipped/>
  </testcase> <!-- @AfterTest publishReports -->
  <testcase classname="test.VerifyShoppingCategoryTest" name="@AfterTest publishReports" time="0.0">
    <skipped/>
  </testcase> <!-- @AfterTest publishReports -->
  <testcase classname="test.VerifyShoppingCategoryTest" name="verifyIfUserAbleTOAccessShoppingCategories" time="0.0">
    <failure type="org.testng.TestNGException" message="
Cannot inject @Test annotated Method [verifyIfUserAbleTOAccessShoppingCategories] with [interface org.openqa.selenium.WebDriver].
For more information on native dependency injection please refer to https://testng.org/doc/documentation-main.html#native-dependency-injection">
      <![CDATA[org.testng.TestNGException: 
Cannot inject @Test annotated Method [verifyIfUserAbleTOAccessShoppingCategories] with [interface org.openqa.selenium.WebDriver].
For more information on native dependency injection please refer to https://testng.org/doc/documentation-main.html#native-dependency-injection
at java.base/java.util.ArrayList.forEach(ArrayList.java:1511)
... Removed 26 stack frames]]>
    </failure>
  </testcase> <!-- verifyIfUserAbleTOAccessShoppingCategories -->
  <testcase classname="test.ProductSearchTest" name="VerifyIfUserProductsAreDisplayedValidSearch" time="2.571"/>
  <testcase classname="test.ProductSearchTest" name="VerifyIfUserProductsAreDisplayedInalidSearch" time="0.0">
    <skipped/>
  </testcase> <!-- VerifyIfUserProductsAreDisplayedInalidSearch -->
  <testcase classname="test.AddToCartTest" name="verifyIfUserIsAbleToAddProdutToCartUsingQuickViewOption" time="9.175"/>
  <testcase classname="test.AddToCartTest" name="verifyIfUserIsAbleToAddMultipleProdutToCartUsingQuickViewOption" time="54.465">
    <failure type="java.lang.IndexOutOfBoundsException" message="Index 1 out of bounds for length 1">
      <![CDATA[java.lang.IndexOutOfBoundsException: Index 1 out of bounds for length 1
at java.base/jdk.internal.util.Preconditions.outOfBounds(Preconditions.java:64)
at java.base/jdk.internal.util.Preconditions.outOfBoundsCheckIndex(Preconditions.java:70)
at java.base/jdk.internal.util.Preconditions.checkIndex(Preconditions.java:266)
at java.base/java.util.Objects.checkIndex(Objects.java:359)
at java.base/java.util.ArrayList.get(ArrayList.java:427)
at org.openqa.selenium.support.pagefactory.internal.LocatingElementListHandler.invoke(LocatingElementListHandler.java:39)
at jdk.proxy2/jdk.proxy2.$Proxy17.get(Unknown Source)
at pom.CartPage.enterOnRemoveToRemoveTheProduct(CartPage.java:32)
at test.AddToCartTest.verifyIfUserIsAbleToAddMultipleProdutToCartUsingQuickViewOption(AddToCartTest.java:72)
at java.base/java.util.ArrayList.forEach(ArrayList.java:1511)
... Removed 31 stack frames]]>
    </failure>
  </testcase> <!-- verifyIfUserIsAbleToAddMultipleProdutToCartUsingQuickViewOption -->
  <testcase classname="test.AddToCartTest" name="VerifyIfUserIsAbleToRemoveProdutFromCart" time="7.236">
    <failure type="java.lang.IndexOutOfBoundsException" message="Index 4 out of bounds for length 1">
      <![CDATA[java.lang.IndexOutOfBoundsException: Index 4 out of bounds for length 1
at java.base/jdk.internal.util.Preconditions.outOfBounds(Preconditions.java:64)
at java.base/jdk.internal.util.Preconditions.outOfBoundsCheckIndex(Preconditions.java:70)
at java.base/jdk.internal.util.Preconditions.checkIndex(Preconditions.java:266)
at java.base/java.util.Objects.checkIndex(Objects.java:359)
at java.base/java.util.ArrayList.get(ArrayList.java:427)
at org.openqa.selenium.support.pagefactory.internal.LocatingElementListHandler.invoke(LocatingElementListHandler.java:39)
at jdk.proxy2/jdk.proxy2.$Proxy17.get(Unknown Source)
at pom.CartPage.enterOnRemoveToRemoveTheProduct(CartPage.java:32)
at test.AddToCartTest.VerifyIfUserIsAbleToRemoveProdutFromCart(AddToCartTest.java:91)
at java.base/java.util.ArrayList.forEach(ArrayList.java:1511)
... Removed 31 stack frames]]>
    </failure>
  </testcase> <!-- VerifyIfUserIsAbleToRemoveProdutFromCart -->
  <testcase classname="test.ProductDescriptionTest" name="VerifyIfUserIsAbleToAddProductToCartFromProductDescriptionPage" time="9.95"/>
</testsuite> <!-- chromeTest -->
