<?xml version="1.0" encoding="UTF-8"?>
<!-- Generated by org.testng.reporters.JUnitXMLReporter -->
<testsuite ignored="0" hostname="LAPTOP-MQ9B4BVN" failures="5" tests="7" name="Test" time="134.346" errors="0" timestamp="2024-01-09T18:57:27 IST">
  <testcase classname="test.ProductSearchTest" name="@AfterMethod addTestStatus" time="0.005">
    <failure type="java.lang.NullPointerException" message="Cannot invoke &amp;quot;com.aventstack.extentreports.ExtentTest.log(com.aventstack.extentreports.Status, String)&amp;quot; because &amp;quot;this.Test&amp;quot; is null">
      <![CDATA[java.lang.NullPointerException: Cannot invoke "com.aventstack.extentreports.ExtentTest.log(com.aventstack.extentreports.Status, String)" because "this.Test" is null
at test.ProductSearchTest.addTestStatus(ProductSearchTest.java:61)
at java.base/java.util.ArrayList.forEach(ArrayList.java:1511)
... Removed 32 stack frames]]>
    </failure>
  </testcase> <!-- @AfterMethod addTestStatus -->
  <testcase classname="test.ProductSearchTest" name="@AfterMethod addTestStatus" time="0.0">
    <skipped/>
  </testcase> <!-- @AfterMethod addTestStatus -->
  <testcase classname="test.ProductDescriptionTest" name="@AfterMethod addTestStatus" time="0.004">
    <failure type="java.lang.NullPointerException" message="Cannot invoke &amp;quot;com.aventstack.extentreports.ExtentTest.log(com.aventstack.extentreports.Status, String)&amp;quot; because &amp;quot;this.Test&amp;quot; is null">
      <![CDATA[java.lang.NullPointerException: Cannot invoke "com.aventstack.extentreports.ExtentTest.log(com.aventstack.extentreports.Status, String)" because "this.Test" is null
at test.ProductDescriptionTest.addTestStatus(ProductDescriptionTest.java:56)
at java.base/java.util.ArrayList.forEach(ArrayList.java:1511)
... Removed 32 stack frames]]>
    </failure>
  </testcase> <!-- @AfterMethod addTestStatus -->
  <testcase classname="test.ProductDescriptionTest" name="@AfterTest publishReports" time="0.0">
    <skipped/>
  </testcase> <!-- @AfterTest publishReports -->
  <testcase classname="test.ProductSearchTest" name="@AfterTest publishReports" time="0.0">
    <skipped/>
  </testcase> <!-- @AfterTest publishReports -->
  <testcase classname="test.VerifyShoppingCategoryTest" name="@AfterTest publishReports" time="0.0">
    <skipped/>
  </testcase> <!-- @AfterTest publishReports -->
  <testcase classname="test.VerifyShoppingCategoryTest" name="verifyIfUserAbleTOAccessShoppingCategories" time="0.0">
    <failure type="org.testng.TestNGException" message="
Cannot inject @Test annotated Method [verifyIfUserAbleTOAccessShoppingCategories] with [interface org.openqa.selenium.WebDriver].
For more information on native dependency injection please refer to https://testng.org/doc/documentation-main.html#native-dependency-injection">
      <![CDATA[org.testng.TestNGException: 
Cannot inject @Test annotated Method [verifyIfUserAbleTOAccessShoppingCategories] with [interface org.openqa.selenium.WebDriver].
For more information on native dependency injection please refer to https://testng.org/doc/documentation-main.html#native-dependency-injection
at java.base/java.util.ArrayList.forEach(ArrayList.java:1511)
... Removed 26 stack frames]]>
    </failure>
  </testcase> <!-- verifyIfUserAbleTOAccessShoppingCategories -->
  <testcase classname="test.ProductSearchTest" name="VerifyIfUserProductsAreDisplayedValidSearch" time="0.004">
    <failure type="java.lang.NullPointerException" message="Cannot invoke &amp;quot;com.aventstack.extentreports.ExtentReports.createTest(String)&amp;quot; because &amp;quot;this.extentReport&amp;quot; is null">
      <![CDATA[java.lang.NullPointerException: Cannot invoke "com.aventstack.extentreports.ExtentReports.createTest(String)" because "this.extentReport" is null
at test.ProductSearchTest.VerifyIfUserProductsAreDisplayedValidSearch(ProductSearchTest.java:30)
at java.base/java.util.ArrayList.forEach(ArrayList.java:1511)
... Removed 27 stack frames]]>
    </failure>
  </testcase> <!-- VerifyIfUserProductsAreDisplayedValidSearch -->
  <testcase classname="test.ProductSearchTest" name="VerifyIfUserProductsAreDisplayedInalidSearch" time="0.0">
    <skipped/>
  </testcase> <!-- VerifyIfUserProductsAreDisplayedInalidSearch -->
  <testcase classname="test.AddToCartTest" name="verifyIfUserIsAbleToAddProdutToCartUsingQuickViewOption" time="9.15"/>
  <testcase classname="test.AddToCartTest" name="verifyIfUserIsAbleToAddMultipleProdutToCartUsingQuickViewOption" time="22.392">
    <failure type="org.openqa.selenium.StaleElementReferenceException" message="stale element reference: stale element not found
  (Session info: chrome=120.0.6099.200)
For documentation on this error, please visit: https://www.selenium.dev/documentation/webdriver/troubleshooting/errors#stale-element-reference-exception
Build info: version: &amp;apos;4.16.1&amp;apos;, revision: &amp;apos;9b4c83354e&amp;apos;
System info: os.name: &amp;apos;Windows 11&amp;apos;, os.arch: &amp;apos;amd64&amp;apos;, os.version: &amp;apos;10.0&amp;apos;, java.version: &amp;apos;17.0.8&amp;apos;
Driver info: org.openqa.selenium.chrome.ChromeDriver
Command: [50b0abe83ad874cfacf9f3d590be6950, clickElement {id=B537B5E0669441AC30F6A6ECF84E49A5_element_110}]
Capabilities {acceptInsecureCerts: false, browserName: chrome, browserVersion: 120.0.6099.200, chrome: {chromedriverVersion: 120.0.6099.109 (3419140ab66..., userDataDir: C:\Users\np985\AppData\Loca...}, fedcm:accounts: true, goog:chromeOptions: {debuggerAddress: localhost:51225}, networkConnectionEnabled: false, pageLoadStrategy: normal, platformName: windows, proxy: Proxy(), se:cdp: ws://localhost:51225/devtoo..., se:cdpVersion: 120.0.6099.200, setWindowRect: true, strictFileInteractability: false, timeouts: {implicit: 0, pageLoad: 300000, script: 30000}, unhandledPromptBehavior: dismiss and notify, webauthn:extension:credBlob: true, webauthn:extension:largeBlob: true, webauthn:extension:minPinLength: true, webauthn:extension:prf: true, webauthn:virtualAuthenticators: true}
Element: [[ChromeDriver: chrome on windows (50b0abe83ad874cfacf9f3d590be6950)] -&amp;gt; xpath: //a[text()=&amp;apos;Remove&amp;apos;]]
Session ID: 50b0abe83ad874cfacf9f3d590be6950">
      <![CDATA[org.openqa.selenium.StaleElementReferenceException: stale element reference: stale element not found
  (Session info: chrome=120.0.6099.200)
For documentation on this error, please visit: https://www.selenium.dev/documentation/webdriver/troubleshooting/errors#stale-element-reference-exception
Build info: version: '4.16.1', revision: '9b4c83354e'
System info: os.name: 'Windows 11', os.arch: 'amd64', os.version: '10.0', java.version: '17.0.8'
Driver info: org.openqa.selenium.chrome.ChromeDriver
Command: [50b0abe83ad874cfacf9f3d590be6950, clickElement {id=B537B5E0669441AC30F6A6ECF84E49A5_element_110}]
Capabilities {acceptInsecureCerts: false, browserName: chrome, browserVersion: 120.0.6099.200, chrome: {chromedriverVersion: 120.0.6099.109 (3419140ab66..., userDataDir: C:\Users\np985\AppData\Loca...}, fedcm:accounts: true, goog:chromeOptions: {debuggerAddress: localhost:51225}, networkConnectionEnabled: false, pageLoadStrategy: normal, platformName: windows, proxy: Proxy(), se:cdp: ws://localhost:51225/devtoo..., se:cdpVersion: 120.0.6099.200, setWindowRect: true, strictFileInteractability: false, timeouts: {implicit: 0, pageLoad: 300000, script: 30000}, unhandledPromptBehavior: dismiss and notify, webauthn:extension:credBlob: true, webauthn:extension:largeBlob: true, webauthn:extension:minPinLength: true, webauthn:extension:prf: true, webauthn:virtualAuthenticators: true}
Element: [[ChromeDriver: chrome on windows (50b0abe83ad874cfacf9f3d590be6950)] -> xpath: //a[text()='Remove']]
Session ID: 50b0abe83ad874cfacf9f3d590be6950
at org.openqa.selenium.remote.codec.w3c.W3CHttpResponseCodec.createException(W3CHttpResponseCodec.java:200)
at org.openqa.selenium.remote.codec.w3c.W3CHttpResponseCodec.decode(W3CHttpResponseCodec.java:133)
at org.openqa.selenium.remote.codec.w3c.W3CHttpResponseCodec.decode(W3CHttpResponseCodec.java:52)
at org.openqa.selenium.remote.HttpCommandExecutor.execute(HttpCommandExecutor.java:191)
at org.openqa.selenium.remote.service.DriverCommandExecutor.invokeExecute(DriverCommandExecutor.java:200)
at org.openqa.selenium.remote.service.DriverCommandExecutor.execute(DriverCommandExecutor.java:175)
at org.openqa.selenium.remote.RemoteWebDriver.execute(RemoteWebDriver.java:523)
at org.openqa.selenium.remote.RemoteWebElement.execute(RemoteWebElement.java:224)
at org.openqa.selenium.remote.RemoteWebElement.click(RemoteWebElement.java:77)
at pom.CartPage.enterOnRemoveToRemoveTheProduct(CartPage.java:32)
at test.AddToCartTest.verifyIfUserIsAbleToAddMultipleProdutToCartUsingQuickViewOption(AddToCartTest.java:70)
at java.base/java.util.ArrayList.forEach(ArrayList.java:1511)
... Removed 32 stack frames]]>
    </failure>
  </testcase> <!-- verifyIfUserIsAbleToAddMultipleProdutToCartUsingQuickViewOption -->
  <testcase classname="test.AddToCartTest" name="VerifyIfUserIsAbleToRemoveProdutFromCart" time="13.207">
    <failure type="java.lang.IndexOutOfBoundsException" message="Index 4 out of bounds for length 1">
      <![CDATA[java.lang.IndexOutOfBoundsException: Index 4 out of bounds for length 1
at java.base/jdk.internal.util.Preconditions.outOfBounds(Preconditions.java:64)
at java.base/jdk.internal.util.Preconditions.outOfBoundsCheckIndex(Preconditions.java:70)
at java.base/jdk.internal.util.Preconditions.checkIndex(Preconditions.java:266)
at java.base/java.util.Objects.checkIndex(Objects.java:359)
at java.base/java.util.ArrayList.get(ArrayList.java:427)
at org.openqa.selenium.support.pagefactory.internal.LocatingElementListHandler.invoke(LocatingElementListHandler.java:39)
at jdk.proxy2/jdk.proxy2.$Proxy16.get(Unknown Source)
at pom.CartPage.enterOnRemoveToRemoveTheProduct(CartPage.java:32)
at test.AddToCartTest.VerifyIfUserIsAbleToRemoveProdutFromCart(AddToCartTest.java:88)
at java.base/java.util.ArrayList.forEach(ArrayList.java:1511)
... Removed 31 stack frames]]>
    </failure>
  </testcase> <!-- VerifyIfUserIsAbleToRemoveProdutFromCart -->
  <testcase classname="test.ProductDescriptionTest" name="VerifyIfUserIsAbleToAddProductToCartFromProductDescriptionPage" time="0.031">
    <failure type="java.lang.NullPointerException" message="Cannot invoke &amp;quot;com.aventstack.extentreports.ExtentReports.createTest(String)&amp;quot; because &amp;quot;this.extentReport&amp;quot; is null">
      <![CDATA[java.lang.NullPointerException: Cannot invoke "com.aventstack.extentreports.ExtentReports.createTest(String)" because "this.extentReport" is null
at test.ProductDescriptionTest.VerifyIfUserIsAbleToAddProductToCartFromProductDescriptionPage(ProductDescriptionTest.java:33)
at java.base/java.util.ArrayList.forEach(ArrayList.java:1511)
... Removed 27 stack frames]]>
    </failure>
  </testcase> <!-- VerifyIfUserIsAbleToAddProductToCartFromProductDescriptionPage -->
</testsuite> <!-- Test -->
